# JRE version: Java(TM) SE Runtime Environment (8.0_25-b18) (build 1.8.0_25-b18)
# Java VM: Java HotSpot(TM) 64-Bit Server VM (25.25-b02 mixed mode windows-amd64 compressed oops)
Heap:
 PSYoungGen      total 400896K, used 331077K [0x00000000e0000000, 0x0000000100000000, 0x0000000100000000)
  eden space 287232K, 89% used [0x00000000e0000000,0x00000000efb46438,0x00000000f1880000)
  from space 113664K, 64% used [0x00000000f1880000,0x00000000f608b378,0x00000000f8780000)
  to   space 118272K, 0% used [0x00000000f8c80000,0x00000000f8c80000,0x0000000100000000)
 ParOldGen       total 328192K, used 78810K [0x00000000a0000000, 0x00000000b4080000, 0x00000000e0000000)
  object space 328192K, 24% used [0x00000000a0000000,0x00000000a4cf6a60,0x00000000b4080000)
 Metaspace       used 99984K, capacity 107178K, committed 107392K, reserved 1142784K
  class space    used 13048K, capacity 14179K, committed 14208K, reserved 1048576K
GC Heap History (10 events):
Event: 7981.225 GC heap before
{Heap before GC invocations=49 (full 4):
 PSYoungGen      total 408576K, used 343027K [0x00000000e0000000, 0x0000000100000000, 0x0000000100000000)
  eden space 289280K, 100% used [0x00000000e0000000,0x00000000f1a80000,0x00000000f1a80000)
  from space 119296K, 45% used [0x00000000f8b80000,0x00000000fbffcf58,0x0000000100000000)
  to   space 115712K, 0% used [0x00000000f1a80000,0x00000000f1a80000,0x00000000f8b80000)
 ParOldGen       total 328192K, used 78674K [0x00000000a0000000, 0x00000000b4080000, 0x00000000e0000000)
  object space 328192K, 23% used [0x00000000a0000000,0x00000000a4cd4a60,0x00000000b4080000)
 Metaspace       used 99761K, capacity 107016K, committed 107136K, reserved 1142784K
  class space    used 13046K, capacity 14178K, committed 14208K, reserved 1048576K
Event: 7981.235 GC heap after
Heap after GC invocations=49 (full 4):
 PSYoungGen      total 304128K, used 14501K [0x00000000e0000000, 0x00000000ff880000, 0x0000000100000000)
  eden space 289280K, 0% used [0x00000000e0000000,0x00000000e0000000,0x00000000f1a80000)
  from space 14848K, 97% used [0x00000000f1a80000,0x00000000f28a94f8,0x00000000f2900000)
  to   space 113664K, 0% used [0x00000000f8980000,0x00000000f8980000,0x00000000ff880000)
 ParOldGen       total 328192K, used 78698K [0x00000000a0000000, 0x00000000b4080000, 0x00000000e0000000)
  object space 328192K, 23% used [0x00000000a0000000,0x00000000a4cdaa60,0x00000000b4080000)
 Metaspace       used 99761K, capacity 107016K, committed 107136K, reserved 1142784K
  class space    used 13046K, capacity 14178K, committed 14208K, reserved 1048576K
}
Event: 7988.395 GC heap before
{Heap before GC invocations=50 (full 4):
 PSYoungGen      total 304128K, used 303781K [0x00000000e0000000, 0x00000000ff880000, 0x0000000100000000)
  eden space 289280K, 100% used [0x00000000e0000000,0x00000000f1a80000,0x00000000f1a80000)
  from space 14848K, 97% used [0x00000000f1a80000,0x00000000f28a94f8,0x00000000f2900000)
  to   space 113664K, 0% used [0x00000000f8980000,0x00000000f8980000,0x00000000ff880000)
 ParOldGen       total 328192K, used 78698K [0x00000000a0000000, 0x00000000b4080000, 0x00000000e0000000)
  object space 328192K, 23% used [0x00000000a0000000,0x00000000a4cdaa60,0x00000000b4080000)
 Metaspace       used 99792K, capacity 107016K, committed 107136K, reserved 1142784K
  class space    used 13046K, capacity 14178K, committed 14208K, reserved 1048576K
Event: 7988.459 GC heap after
Heap after GC invocations=50 (full 4):
 PSYoungGen      total 394240K, used 83252K [0x00000000e0000000, 0x0000000100000000, 0x0000000100000000)
  eden space 280576K, 0% used [0x00000000e0000000,0x00000000e0000000,0x00000000f1200000)
  from space 113664K, 73% used [0x00000000f8980000,0x00000000fdacd1c8,0x00000000ff880000)
  to   space 121856K, 0% used [0x00000000f1200000,0x00000000f1200000,0x00000000f8900000)
 ParOldGen       total 328192K, used 78730K [0x00000000a0000000, 0x00000000b4080000, 0x00000000e0000000)
  object space 328192K, 23% used [0x00000000a0000000,0x00000000a4ce2a60,0x00000000b4080000)
 Metaspace       used 99792K, capacity 107016K, committed 107136K, reserved 1142784K
  class space    used 13046K, capacity 14178K, committed 14208K, reserved 1048576K
}
Event: 8105.578 GC heap before
{Heap before GC invocations=51 (full 4):
 PSYoungGen      total 394240K, used 363828K [0x00000000e0000000, 0x0000000100000000, 0x0000000100000000)
  eden space 280576K, 100% used [0x00000000e0000000,0x00000000f1200000,0x00000000f1200000)
  from space 113664K, 73% used [0x00000000f8980000,0x00000000fdacd1c8,0x00000000ff880000)
  to   space 121856K, 0% used [0x00000000f1200000,0x00000000f1200000,0x00000000f8900000)
 ParOldGen       total 328192K, used 78730K [0x00000000a0000000, 0x00000000b4080000, 0x00000000e0000000)
  object space 328192K, 23% used [0x00000000a0000000,0x00000000a4ce2a60,0x00000000b4080000)
 Metaspace       used 99846K, capacity 107084K, committed 107136K, reserved 1142784K
  class space    used 13046K, capacity 14178K, committed 14208K, reserved 1048576K
Event: 8105.600 GC heap after
Heap after GC invocations=51 (full 4):
 PSYoungGen      total 402432K, used 40633K [0x00000000e0000000, 0x00000000ffb00000, 0x0000000100000000)
  eden space 280576K, 0% used [0x00000000e0000000,0x00000000e0000000,0x00000000f1200000)
  from space 121856K, 33% used [0x00000000f1200000,0x00000000f39ae660,0x00000000f8900000)
  to   space 115200K, 0% used [0x00000000f8a80000,0x00000000f8a80000,0x00000000ffb00000)
 ParOldGen       total 328192K, used 78762K [0x00000000a0000000, 0x00000000b4080000, 0x00000000e0000000)
  object space 328192K, 23% used [0x00000000a0000000,0x00000000a4ceaa60,0x00000000b4080000)
 Metaspace       used 99846K, capacity 107084K, committed 107136K, reserved 1142784K
  class space    used 13046K, capacity 14178K, committed 14208K, reserved 1048576K
}
Event: 8251.536 GC heap before
{Heap before GC invocations=52 (full 4):
 PSYoungGen      total 402432K, used 321209K [0x00000000e0000000, 0x00000000ffb00000, 0x0000000100000000)
  eden space 280576K, 100% used [0x00000000e0000000,0x00000000f1200000,0x00000000f1200000)
  from space 121856K, 33% used [0x00000000f1200000,0x00000000f39ae660,0x00000000f8900000)
  to   space 115200K, 0% used [0x00000000f8a80000,0x00000000f8a80000,0x00000000ffb00000)
 ParOldGen       total 328192K, used 78762K [0x00000000a0000000, 0x00000000b4080000, 0x00000000e0000000)
  object space 328192K, 23% used [0x00000000a0000000,0x00000000a4ceaa60,0x00000000b4080000)
 Metaspace       used 99909K, capacity 107164K, committed 107392K, reserved 1142784K
  class space    used 13047K, capacity 14178K, committed 14208K, reserved 1048576K
Event: 8251.545 GC heap after
Heap after GC invocations=52 (full 4):
 PSYoungGen      total 397824K, used 11381K [0x00000000e0000000, 0x00000000ff680000, 0x0000000100000000)
  eden space 287232K, 0% used [0x00000000e0000000,0x00000000e0000000,0x00000000f1880000)
  from space 110592K, 10% used [0x00000000f8a80000,0x00000000f959d530,0x00000000ff680000)
  to   space 113664K, 0% used [0x00000000f1880000,0x00000000f1880000,0x00000000f8780000)
 ParOldGen       total 328192K, used 78786K [0x00000000a0000000, 0x00000000b4080000, 0x00000000e0000000)
  object space 328192K, 24% used [0x00000000a0000000,0x00000000a4cf0a60,0x00000000b4080000)
 Metaspace       used 99909K, capacity 107164K, committed 107392K, reserved 1142784K
  class space    used 13047K, capacity 14178K, committed 14208K, reserved 1048576K
}
Event: 8266.743 GC heap before
{Heap before GC invocations=53 (full 4):
 PSYoungGen      total 397824K, used 298375K [0x00000000e0000000, 0x00000000ff680000, 0x0000000100000000)
  eden space 287232K, 99% used [0x00000000e0000000,0x00000000f1844898,0x00000000f1880000)
  from space 110592K, 10% used [0x00000000f8a80000,0x00000000f959d530,0x00000000ff680000)
  to   space 113664K, 0% used [0x00000000f1880000,0x00000000f1880000,0x00000000f8780000)
 ParOldGen       total 328192K, used 78786K [0x00000000a0000000, 0x00000000b4080000, 0x00000000e0000000)
  object space 328192K, 24% used [0x00000000a0000000,0x00000000a4cf0a60,0x00000000b4080000)
 Metaspace       used 99936K, capacity 107164K, committed 107392K, reserved 1142784K
  class space    used 13047K, capacity 14178K, committed 14208K, reserved 1048576K
Event: 8266.794 GC heap after
Heap after GC invocations=53 (full 4):
 PSYoungGen      total 400896K, used 73772K [0x00000000e0000000, 0x0000000100000000, 0x0000000100000000)
  eden space 287232K, 0% used [0x00000000e0000000,0x00000000e0000000,0x00000000f1880000)
  from space 113664K, 64% used [0x00000000f1880000,0x00000000f608b378,0x00000000f8780000)
  to   space 118272K, 0% used [0x00000000f8c80000,0x00000000f8c80000,0x0000000100000000)
 ParOldGen       total 328192K, used 78810K [0x00000000a0000000, 0x00000000b4080000, 0x00000000e0000000)
  object space 328192K, 24% used [0x00000000a0000000,0x00000000a4cf6a60,0x00000000b4080000)
 Metaspace       used 99936K, capacity 107164K, committed 107392K, reserved 1142784K
  class space    used 13047K, capacity 14178K, committed 14208K, reserved 1048576K
}

